Info: constrained 'clk' to bel 'X19/Y0/io1'
Info: constrained 'UP_DWN' to bel 'X19/Y31/io1'
Info: constrained 'SEG[0]' to bel 'X8/Y31/io1'
Info: constrained 'SEG[1]' to bel 'X13/Y31/io1'
Info: constrained 'SEG[2]' to bel 'X7/Y0/io1'
Info: constrained 'SEG[3]' to bel 'X5/Y0/io0'
Info: constrained 'SEG[4]' to bel 'X8/Y0/io0'
Info: constrained 'SEG[5]' to bel 'X8/Y31/io0'
Info: constrained 'SEG[6]' to bel 'X7/Y0/io0'
Info: constrained 'COMM[3]' to bel 'X9/Y0/io1'
Info: constrained 'COMM[2]' to bel 'X9/Y31/io0'
Info: constrained 'COMM[1]' to bel 'X9/Y31/io1'
Info: constrained 'COMM[0]' to bel 'X17/Y31/io0'
Info: constrained 'DEC' to bel 'X6/Y0/io0'
Info: constrained 'SET_MIN' to bel 'X16/Y31/io0'
Info: constrained 'SET_SEC' to bel 'X18/Y31/io0'
Info: constrained 'RESET' to bel 'X18/Y31/io1'
Info: constrained 'COLHI' to bel 'X9/Y0/io0'
Info: constrained 'COLLO' to bel 'X13/Y31/io0'
Info: constrained 'DBG[0]' to bel 'X18/Y0/io1'
Info: constrained 'DBG[1]' to bel 'X21/Y0/io1'
Info: constrained 'DBG[2]' to bel 'X22/Y0/io1'
Info: constrained 'DBG[3]' to bel 'X17/Y0/io0'
Info: constrained 'UART_RX' to bel 'X13/Y0/io1'
Info: constrained 'UART_TX' to bel 'X15/Y0/io0'
Info: constrained 'flash_clk' to bel 'X24/Y0/io0'
Info: constrained 'flash_csb' to bel 'X24/Y0/io1'
Info: constrained 'flash_io0' to bel 'X23/Y0/io0'
Info: constrained 'flash_io1' to bel 'X23/Y0/io1'
Info: constrained 'flash_io2' to bel 'X18/Y0/io0'
Info: constrained 'flash_io3' to bel 'X19/Y0/io0'

Info: Packing constants..
Info: Packing IOs..
Info: flash_io0 feeds SB_IO flash_io_buf[0], removing $nextpnr_iobuf flash_io0.
Info: flash_io1 feeds SB_IO flash_io_buf[1], removing $nextpnr_iobuf flash_io1.
Info: flash_io2 feeds SB_IO flash_io_buf[2], removing $nextpnr_iobuf flash_io2.
Info: flash_io3 feeds SB_IO flash_io_buf[3], removing $nextpnr_iobuf flash_io3.
Info: Packing LUT-FFs..
Info:     2578 LCs used as LUT4 only
Info:      795 LCs used as LUT4 and DFF
Info: Packing non-LUT FFs..
Info:      323 LCs used as DFF only
Info: Packing carries..
Info:      276 LCs used as CARRY only
Info: Packing RAMs..
Info: Placing PLLs..
Info: Packing special functions..
Info: Packing PLLs..
Info: Promoting globals..
Info: promoting clk$SB_IO_IN (fanout 1128)
Info: promoting soc.cpu.resetn_SB_LUT4_I3_O [reset] (fanout 482)
Info: promoting soc.simpleuart.send_dummy_SB_LUT4_I3_I2_SB_LUT4_I2_O_SB_LUT4_I1_O [reset] (fanout 32)
Info: promoting soc.cpu.instr_jalr_SB_LUT4_I1_O_SB_LUT4_I3_O_SB_LUT4_I3_O [reset] (fanout 31)
Info: promoting display.refresh_timer_state_SB_LUT4_O_I3_SB_LUT4_I3_O_SB_LUT4_I1_O [reset] (fanout 24)
Info: promoting soc.cpu.latched_branch_SB_DFFESR_Q_D_SB_LUT4_O_I2_SB_LUT4_O_I3_SB_LUT4_I1_O [cen] (fanout 65)
Info: promoting soc.cpu.instr_sll_SB_LUT4_I1_O_SB_LUT4_I0_I1_SB_LUT4_I3_O[1] [cen] (fanout 62)
Info: promoting soc.spimemio.rd_inc_SB_DFFESR_Q_E_SB_LUT4_O_I2_SB_LUT4_I3_O [cen] (fanout 54)
Info: Constraining chains...
Info:       55 LCs used to legalise carry chains.
Info: Checksum: 0xe2c83ab3

Info: Annotating ports with timing budgets for target frequency 13.00 MHz
Info: Checksum: 0x8e1e9652

Info: Device utilisation:
Info: 	         ICESTORM_LC:  4029/ 5280    76%
Info: 	        ICESTORM_RAM:     4/   30    13%
Info: 	               SB_IO:    31/   96    32%
Info: 	               SB_GB:     8/    8   100%
Info: 	        ICESTORM_PLL:     0/    1     0%
Info: 	         SB_WARMBOOT:     0/    1     0%
Info: 	        ICESTORM_DSP:     0/    8     0%
Info: 	      ICESTORM_HFOSC:     0/    1     0%
Info: 	      ICESTORM_LFOSC:     0/    1     0%
Info: 	              SB_I2C:     0/    2     0%
Info: 	              SB_SPI:     0/    2     0%
Info: 	              IO_I3C:     0/    2     0%
Info: 	         SB_LEDDA_IP:     0/    1     0%
Info: 	         SB_RGBA_DRV:     0/    1     0%
Info: 	      ICESTORM_SPRAM:     4/    4   100%

Info: Placed 31 cells based on constraints.
Info: Creating initial analytic placement for 3225 cells, random placement wirelen = 98055.
Info:     at initial placer iter 0, wirelen = 2422
Info:     at initial placer iter 1, wirelen = 2309
Info:     at initial placer iter 2, wirelen = 2346
Info:     at initial placer iter 3, wirelen = 2321
Info: Running main analytical placer.
Info:     at iteration #1, type ALL: wirelen solved = 2352, spread = 38626, legal = 40326; time = 0.89s
Info:     at iteration #2, type ALL: wirelen solved = 2640, spread = 32556, legal = 35250; time = 0.84s
Info:     at iteration #3, type ALL: wirelen solved = 3261, spread = 31596, legal = 34818; time = 0.83s
Info:     at iteration #4, type ALL: wirelen solved = 4463, spread = 31807, legal = 35076; time = 0.70s
Info:     at iteration #5, type ALL: wirelen solved = 5754, spread = 30385, legal = 33414; time = 0.66s
Info:     at iteration #6, type ALL: wirelen solved = 6565, spread = 27506, legal = 30440; time = 0.66s
Info:     at iteration #7, type ALL: wirelen solved = 7442, spread = 26143, legal = 29966; time = 0.67s
Info:     at iteration #8, type ALL: wirelen solved = 8089, spread = 25371, legal = 28790; time = 0.59s
Info:     at iteration #9, type ALL: wirelen solved = 9081, spread = 24705, legal = 27837; time = 0.68s
Info:     at iteration #10, type ALL: wirelen solved = 9900, spread = 24420, legal = 27885; time = 0.68s
Info:     at iteration #11, type ALL: wirelen solved = 10781, spread = 23183, legal = 27419; time = 0.66s
Info:     at iteration #12, type ALL: wirelen solved = 11280, spread = 23004, legal = 26427; time = 0.65s
Info:     at iteration #13, type ALL: wirelen solved = 11870, spread = 22715, legal = 25734; time = 0.59s
Info:     at iteration #14, type ALL: wirelen solved = 12722, spread = 22519, legal = 25936; time = 0.65s
Info:     at iteration #15, type ALL: wirelen solved = 13263, spread = 22250, legal = 25504; time = 0.76s
Info:     at iteration #16, type ALL: wirelen solved = 13193, spread = 22364, legal = 25809; time = 0.58s
Info:     at iteration #17, type ALL: wirelen solved = 13790, spread = 21861, legal = 24716; time = 0.55s
Info:     at iteration #18, type ALL: wirelen solved = 14001, spread = 22051, legal = 26236; time = 0.57s
Info:     at iteration #19, type ALL: wirelen solved = 14464, spread = 22325, legal = 25348; time = 0.67s
Info:     at iteration #20, type ALL: wirelen solved = 14648, spread = 22174, legal = 25566; time = 0.61s
Info:     at iteration #21, type ALL: wirelen solved = 14902, spread = 22163, legal = 25004; time = 0.61s
Info:     at iteration #22, type ALL: wirelen solved = 15127, spread = 22204, legal = 25421; time = 0.62s
Info: HeAP Placer Time: 21.82s
Info:   of which solving equations: 12.15s
Info:   of which spreading cells: 2.18s
Info:   of which strict legalisation: 1.62s

Info: Running simulated annealing placer for refinement.
Info:   at iteration #1: temp = 0.000000, timing cost = 2377, wirelen = 24716
Info:   at iteration #5: temp = 0.000000, timing cost = 2136, wirelen = 21623
Info:   at iteration #10: temp = 0.000000, timing cost = 2062, wirelen = 20607
Info:   at iteration #15: temp = 0.000000, timing cost = 2087, wirelen = 19966
Info:   at iteration #20: temp = 0.000000, timing cost = 2052, wirelen = 19715
Info:   at iteration #25: temp = 0.000000, timing cost = 2051, wirelen = 19649
Info:   at iteration #29: temp = 0.000000, timing cost = 2050, wirelen = 19622 
Info: SA placement time 52.93s

Info: Max frequency for clock  'display.refresh_tick': 144.07 MHz (PASS at 13.00 MHz)
Info: Max frequency for clock 'clk$SB_IO_IN_$glb_clk': 16.34 MHz (PASS at 13.00 MHz)

Info: Max delay <async>                       -> posedge clk$SB_IO_IN_$glb_clk: 42.94 ns
Info: Max delay posedge clk$SB_IO_IN_$glb_clk -> <async>                      : 19.21 ns
Info: Max delay negedge clk$SB_IO_IN_$glb_clk -> <async>                      : 11.41 ns
Info: Max delay posedge display.refresh_tick  -> <async>                      : 21.77 ns

Info: Slack histogram:
Info:  legend: * represents 15 endpoint(s)
Info:          + represents [1,15) endpoint(s)
Info: [ 15723,  18585) |***+
Info: [ 18585,  21447) |******+
Info: [ 21447,  24309) |***+
Info: [ 24309,  27171) |*****+
Info: [ 27171,  30033) |**+
Info: [ 30033,  32895) |*******+
Info: [ 32895,  35757) |*****+
Info: [ 35757,  38619) |************+
Info: [ 38619,  41481) |******+
Info: [ 41481,  44343) |********+
Info: [ 44343,  47205) |************+
Info: [ 47205,  50067) |*******+
Info: [ 50067,  52929) |***********+
Info: [ 52929,  55791) |*******************************************+
Info: [ 55791,  58653) |*************************+
Info: [ 58653,  61515) |**********************+
Info: [ 61515,  64377) |*******************+
Info: [ 64377,  67239) |***************+
Info: [ 67239,  70101) |*********************************+
Info: [ 70101,  72963) |************************************************************ 
Info: Checksum: 0x9024d8bd

Info: Routing..
Info: Setting up routing queue.
Info: Routing 13599 arcs.
Info:            |   (re-)routed arcs  |   delta    | remaining|       time spent     |
Info:    IterCnt |  w/ripup   wo/ripup |  w/r  wo/r |      arcs| batch(sec) total(sec)|
Info:       1000 |       31        567 |   31   567 |     12632|       1.92       1.92|
Info:       2000 |       40       1309 |    9   742 |     11644|       0.50       2.42|
Info:       3000 |      101       2248 |   61   939 |     10715|       1.36       3.78|
Info:       4000 |      254       3095 |  153   847 |      9904|       1.82       5.59|
Info:       5000 |      350       3999 |   96   904 |      9015|       2.48       8.07|
Info:       6000 |      406       4943 |   56   944 |      8087|       2.69      10.76|
Info:       7000 |      489       5860 |   83   917 |      7215|       3.06      13.82|
Info:       8000 |      657       6692 |  168   832 |      6488|       3.99      17.82|
Info:       9000 |      846       7503 |  189   811 |      5829|       3.85      21.67|
Info:      10000 |     1124       8225 |  278   722 |      5234|       3.64      25.31|
Info:      11000 |     1414       8935 |  290   710 |      4726|       4.70      30.01|
Info:      12000 |     1749       9600 |  335   665 |      4324|       4.59      34.60|
Info:      13000 |     2210      10139 |  461   539 |      4082|       5.52      40.13|
Info:      14000 |     2668      10681 |  458   542 |      3810|       4.75      44.88|
Info:      15000 |     3152      11197 |  484   516 |      3713|       4.90      49.78|
Info:      16000 |     3611      11738 |  459   541 |      3554|       6.90      56.69|
Info:      17000 |     4046      12303 |  435   565 |      3417|       5.70      62.39|
Info:      18000 |     4519      12830 |  473   527 |      3219|       5.68      68.07|
Info:      19000 |     4920      13429 |  401   599 |      2855|       5.20      73.27|
Info:      20000 |     5418      13931 |  498   502 |      2679|       6.30      79.57|
Info:      21000 |     5938      14411 |  520   480 |      2648|       6.49      86.06|
Info:      22000 |     6510      14839 |  572   428 |      2541|       5.99      92.05|
Info:      23000 |     7042      15307 |  532   468 |      2341|       6.92      98.97|
Info:      24000 |     7551      15798 |  509   491 |      2218|       5.71     104.67|
Info:      25000 |     8084      16265 |  533   467 |      2091|       5.20     109.88|
Info:      26000 |     8671      16678 |  587   413 |      1992|       6.49     116.37|
Info:      27000 |     9219      17130 |  548   452 |      1859|       5.75     122.12|
Info:      28000 |     9714      17635 |  495   505 |      1703|       8.89     131.02|
Info:      29000 |    10205      18144 |  491   509 |      1528|       8.27     139.28|
Info:      30000 |    10808      18541 |  603   397 |      1476|       6.85     146.13|
Info:      31000 |    11368      18981 |  560   440 |      1436|       8.57     154.70|
Info:      32000 |    11870      19479 |  502   498 |      1286|       7.16     161.86|
Info:      33000 |    12304      20045 |  434   566 |       982|       4.46     166.32|
Info:      34000 |    12684      20665 |  380   620 |       581|       6.01     172.33|
Info:      35000 |    13047      21302 |  363   637 |       184|       9.56     181.90|
Info:      35534 |    13267      21593 |  220   291 |         0|       4.23     186.13|
Info: Routing complete.
Info: Router1 time 186.13s
Info: Checksum: 0xb42bed7f

Info: Critical path report for clock 'display.refresh_tick' (posedge -> posedge):
Info: curr total
Info:  1.4  1.4  Source display.refresh_tick_SB_DFFSR_C_1_D_SB_LUT4_O_LC.O
Info:  1.8  3.2    Net display.refresh_tick_SB_DFFSR_C_Q[2] budget 36.751999 ns (10,30) -> (10,30)
Info:                Sink COMM_SB_LUT4_O_1_LC.I2
Info:                Defined in:
Info:                  /opt/sft/bin/../share/yosys/ice40/cells_map.v:6.21-6.22
Info:  1.2  4.4  Source COMM_SB_LUT4_O_1_LC.O
Info:  1.8  6.1    Net COMM[0]$SB_IO_OUT budget 36.751999 ns (10,30) -> (10,30)
Info:                Sink display.refresh_tick_SB_DFFSR_C_1_D_SB_LUT4_O_LC.I3
Info:                Defined in:
Info:                  top.v:103.13-117.10
Info:                  display.v:20.18-20.22
Info:  0.8  6.9  Setup display.refresh_tick_SB_DFFSR_C_1_D_SB_LUT4_O_LC.I3
Info: 3.4 ns logic, 3.5 ns routing

Info: Critical path report for clock 'clk$SB_IO_IN_$glb_clk' (posedge -> posedge):
Info: curr total
Info:  1.4  1.4  Source soc.cpu.mem_la_addr_SB_LUT4_O_29_LC.O
Info:  1.8  3.2    Net flash_io3_oe_SB_LUT4_I2_O_SB_LUT4_O_I2_SB_LUT4_O_I2_SB_LUT4_O_I2[3] budget 0.000000 ns (13,11) -> (14,11)
Info:                Sink iomem_ready_SB_LUT4_I3_I1_SB_CARRY_CO_I1_SB_LUT4_O_25_LC.I3
Info:                Defined in:
Info:                  top.v:166.7-201.6
Info:                  spimemio.v:25.15-25.19
Info:                  picosoc.v:156.11-185.3
Info:  0.9  4.0  Source iomem_ready_SB_LUT4_I3_I1_SB_CARRY_CO_I1_SB_LUT4_O_25_LC.O
Info:  1.8  5.8    Net iomem_ready_SB_LUT4_I3_I1_SB_CARRY_CO_I1[0] budget 0.000000 ns (14,11) -> (14,12)
Info:                Sink $nextpnr_ICESTORM_LC_50.I1
Info:                Defined in:
Info:                  top.v:166.7-201.6
Info:                  picosoc.v:159.25-159.48
Info:                  /opt/sft/bin/../share/yosys/ice40/arith_map.v:37.23-37.25
Info:  0.7  6.5  Source $nextpnr_ICESTORM_LC_50.COUT
Info:  0.0  6.5    Net $nextpnr_ICESTORM_LC_50$O budget 0.000000 ns (14,12) -> (14,12)
Info:                Sink soc.memory.cs_0_SB_CARRY_I1_CO_SB_CARRY_CO_17$CARRY.CIN
Info:  0.3  6.7  Source soc.memory.cs_0_SB_CARRY_I1_CO_SB_CARRY_CO_17$CARRY.COUT
Info:  0.0  6.7    Net soc.memory.cs_0_SB_CARRY_I1_CO[2] budget 0.000000 ns (14,12) -> (14,12)
Info:                Sink soc.memory.cs_0_SB_CARRY_I1_CO_SB_CARRY_CO_7$CARRY.CIN
Info:                Defined in:
Info:                  top.v:166.7-201.6
Info:                  picosoc.v:159.25-159.48
Info:                  /opt/sft/bin/../share/yosys/ice40/arith_map.v:37.23-37.25
Info:  0.3  7.0  Source soc.memory.cs_0_SB_CARRY_I1_CO_SB_CARRY_CO_7$CARRY.COUT
Info:  0.0  7.0    Net soc.memory.cs_0_SB_CARRY_I1_CO[3] budget 0.000000 ns (14,12) -> (14,12)
Info:                Sink soc.memory.cs_0_SB_CARRY_I1_CO_SB_CARRY_CO_6$CARRY.CIN
Info:                Defined in:
Info:                  top.v:166.7-201.6
Info:                  picosoc.v:159.25-159.48
Info:                  /opt/sft/bin/../share/yosys/ice40/arith_map.v:37.23-37.25
Info:  0.3  7.3  Source soc.memory.cs_0_SB_CARRY_I1_CO_SB_CARRY_CO_6$CARRY.COUT
Info:  0.0  7.3    Net soc.memory.cs_0_SB_CARRY_I1_CO[4] budget 0.000000 ns (14,12) -> (14,12)
Info:                Sink soc.memory.cs_0_SB_CARRY_I1_CO_SB_CARRY_CO_5$CARRY.CIN
Info:                Defined in:
Info:                  top.v:166.7-201.6
Info:                  picosoc.v:159.25-159.48
Info:                  /opt/sft/bin/../share/yosys/ice40/arith_map.v:37.23-37.25
Info:  0.3  7.6  Source soc.memory.cs_0_SB_CARRY_I1_CO_SB_CARRY_CO_5$CARRY.COUT
Info:  0.0  7.6    Net soc.memory.cs_0_SB_CARRY_I1_CO[5] budget 0.000000 ns (14,12) -> (14,12)
Info:                Sink soc.memory.cs_0_SB_CARRY_I1_CO_SB_CARRY_CO_4$CARRY.CIN
Info:                Defined in:
Info:                  top.v:166.7-201.6
Info:                  picosoc.v:159.25-159.48
Info:                  /opt/sft/bin/../share/yosys/ice40/arith_map.v:37.23-37.25
Info:  0.3  7.9  Source soc.memory.cs_0_SB_CARRY_I1_CO_SB_CARRY_CO_4$CARRY.COUT
Info:  0.0  7.9    Net soc.memory.cs_0_SB_CARRY_I1_CO[6] budget 0.000000 ns (14,12) -> (14,12)
Info:                Sink soc.memory.cs_0_SB_CARRY_I1_CO_SB_CARRY_CO_3$CARRY.CIN
Info:                Defined in:
Info:                  top.v:166.7-201.6
Info:                  picosoc.v:159.25-159.48
Info:                  /opt/sft/bin/../share/yosys/ice40/arith_map.v:37.23-37.25
Info:  0.3  8.1  Source soc.memory.cs_0_SB_CARRY_I1_CO_SB_CARRY_CO_3$CARRY.COUT
Info:  0.0  8.1    Net soc.memory.cs_0_SB_CARRY_I1_CO[7] budget 0.000000 ns (14,12) -> (14,12)
Info:                Sink soc.memory.cs_0_SB_CARRY_I1_CO_SB_CARRY_CO_2$CARRY.CIN
Info:                Defined in:
Info:                  top.v:166.7-201.6
Info:                  picosoc.v:159.25-159.48
Info:                  /opt/sft/bin/../share/yosys/ice40/arith_map.v:37.23-37.25
Info:  0.3  8.4  Source soc.memory.cs_0_SB_CARRY_I1_CO_SB_CARRY_CO_2$CARRY.COUT
Info:  0.6  9.0    Net soc.memory.cs_0_SB_CARRY_I1_CO[8] budget 0.560000 ns (14,12) -> (14,13)
Info:                Sink soc.memory.cs_0_SB_CARRY_I1_CO_SB_CARRY_CO_1$CARRY.CIN
Info:                Defined in:
Info:                  top.v:166.7-201.6
Info:                  picosoc.v:159.25-159.48
Info:                  /opt/sft/bin/../share/yosys/ice40/arith_map.v:37.23-37.25
Info:  0.3  9.2  Source soc.memory.cs_0_SB_CARRY_I1_CO_SB_CARRY_CO_1$CARRY.COUT
Info:  0.0  9.2    Net soc.memory.cs_0_SB_CARRY_I1_CO[9] budget 0.000000 ns (14,13) -> (14,13)
Info:                Sink soc.memory.cs_0_SB_CARRY_I1_CO_SB_CARRY_CO$CARRY.CIN
Info:                Defined in:
Info:                  top.v:166.7-201.6
Info:                  picosoc.v:159.25-159.48
Info:                  /opt/sft/bin/../share/yosys/ice40/arith_map.v:37.23-37.25
Info:  0.3  9.5  Source soc.memory.cs_0_SB_CARRY_I1_CO_SB_CARRY_CO$CARRY.COUT
Info:  0.0  9.5    Net soc.memory.cs_0_SB_CARRY_I1_CO[10] budget 0.000000 ns (14,13) -> (14,13)
Info:                Sink soc.memory.cs_0_SB_CARRY_I1_CO_SB_CARRY_CO_26$CARRY.CIN
Info:                Defined in:
Info:                  top.v:166.7-201.6
Info:                  picosoc.v:159.25-159.48
Info:                  /opt/sft/bin/../share/yosys/ice40/arith_map.v:37.23-37.25
Info:  0.3  9.8  Source soc.memory.cs_0_SB_CARRY_I1_CO_SB_CARRY_CO_26$CARRY.COUT
Info:  0.0  9.8    Net soc.memory.cs_0_SB_CARRY_I1_CO[11] budget 0.000000 ns (14,13) -> (14,13)
Info:                Sink soc.memory.cs_0_SB_CARRY_I1_CO_SB_CARRY_CO_25$CARRY.CIN
Info:                Defined in:
Info:                  top.v:166.7-201.6
Info:                  picosoc.v:159.25-159.48
Info:                  /opt/sft/bin/../share/yosys/ice40/arith_map.v:37.23-37.25
Info:  0.3 10.1  Source soc.memory.cs_0_SB_CARRY_I1_CO_SB_CARRY_CO_25$CARRY.COUT
Info:  0.0 10.1    Net soc.memory.cs_0_SB_CARRY_I1_CO[12] budget 0.000000 ns (14,13) -> (14,13)
Info:                Sink soc.memory.cs_0_SB_CARRY_I1_CO_SB_CARRY_CO_24$CARRY.CIN
Info:                Defined in:
Info:                  top.v:166.7-201.6
Info:                  picosoc.v:159.25-159.48
Info:                  /opt/sft/bin/../share/yosys/ice40/arith_map.v:37.23-37.25
Info:  0.3 10.4  Source soc.memory.cs_0_SB_CARRY_I1_CO_SB_CARRY_CO_24$CARRY.COUT
Info:  0.0 10.4    Net soc.memory.cs_0_SB_CARRY_I1_CO[13] budget 0.000000 ns (14,13) -> (14,13)
Info:                Sink soc.memory.cs_0_SB_CARRY_I1_CO_SB_CARRY_CO_23$CARRY.CIN
Info:                Defined in:
Info:                  top.v:166.7-201.6
Info:                  picosoc.v:159.25-159.48
Info:                  /opt/sft/bin/../share/yosys/ice40/arith_map.v:37.23-37.25
Info:  0.3 10.6  Source soc.memory.cs_0_SB_CARRY_I1_CO_SB_CARRY_CO_23$CARRY.COUT
Info:  0.0 10.6    Net soc.memory.cs_0_SB_CARRY_I1_CO[14] budget 0.000000 ns (14,13) -> (14,13)
Info:                Sink soc.memory.cs_0_SB_CARRY_I1$CARRY.CIN
Info:                Defined in:
Info:                  top.v:166.7-201.6
Info:                  picosoc.v:159.25-159.48
Info:                  /opt/sft/bin/../share/yosys/ice40/arith_map.v:37.23-37.25
Info:  0.3 10.9  Source soc.memory.cs_0_SB_CARRY_I1$CARRY.COUT
Info:  0.0 10.9    Net soc.memory.cs_0_SB_CARRY_I1_CO[15] budget 0.000000 ns (14,13) -> (14,13)
Info:                Sink soc.memory.cs_0_SB_CARRY_I1_CO_SB_CARRY_CO_22$CARRY.CIN
Info:                Defined in:
Info:                  top.v:166.7-201.6
Info:                  picosoc.v:159.25-159.48
Info:                  /opt/sft/bin/../share/yosys/ice40/arith_map.v:37.23-37.25
Info:  0.3 11.2  Source soc.memory.cs_0_SB_CARRY_I1_CO_SB_CARRY_CO_22$CARRY.COUT
Info:  0.6 11.7    Net soc.memory.cs_0_SB_CARRY_I1_CO[16] budget 0.560000 ns (14,13) -> (14,14)
Info:                Sink soc.memory.cs_0_SB_CARRY_I1_CO_SB_CARRY_CO_21$CARRY.CIN
Info:                Defined in:
Info:                  top.v:166.7-201.6
Info:                  picosoc.v:159.25-159.48
Info:                  /opt/sft/bin/../share/yosys/ice40/arith_map.v:37.23-37.25
Info:  0.3 12.0  Source soc.memory.cs_0_SB_CARRY_I1_CO_SB_CARRY_CO_21$CARRY.COUT
Info:  0.0 12.0    Net soc.memory.cs_0_SB_CARRY_I1_CO[17] budget 0.000000 ns (14,14) -> (14,14)
Info:                Sink soc.memory.cs_0_SB_CARRY_I1_CO_SB_CARRY_CO_20$CARRY.CIN
Info:                Defined in:
Info:                  top.v:166.7-201.6
Info:                  picosoc.v:159.25-159.48
Info:                  /opt/sft/bin/../share/yosys/ice40/arith_map.v:37.23-37.25
Info:  0.3 12.3  Source soc.memory.cs_0_SB_CARRY_I1_CO_SB_CARRY_CO_20$CARRY.COUT
Info:  0.0 12.3    Net soc.memory.cs_0_SB_CARRY_I1_CO[18] budget 0.000000 ns (14,14) -> (14,14)
Info:                Sink soc.memory.cs_0_SB_CARRY_I1_CO_SB_CARRY_CO_19$CARRY.CIN
Info:                Defined in:
Info:                  top.v:166.7-201.6
Info:                  picosoc.v:159.25-159.48
Info:                  /opt/sft/bin/../share/yosys/ice40/arith_map.v:37.23-37.25
Info:  0.3 12.6  Source soc.memory.cs_0_SB_CARRY_I1_CO_SB_CARRY_CO_19$CARRY.COUT
Info:  0.0 12.6    Net soc.memory.cs_0_SB_CARRY_I1_CO[19] budget 0.000000 ns (14,14) -> (14,14)
Info:                Sink soc.memory.cs_0_SB_CARRY_I1_CO_SB_CARRY_CO_18$CARRY.CIN
Info:                Defined in:
Info:                  top.v:166.7-201.6
Info:                  picosoc.v:159.25-159.48
Info:                  /opt/sft/bin/../share/yosys/ice40/arith_map.v:37.23-37.25
Info:  0.3 12.9  Source soc.memory.cs_0_SB_CARRY_I1_CO_SB_CARRY_CO_18$CARRY.COUT
Info:  0.0 12.9    Net soc.memory.cs_0_SB_CARRY_I1_CO[20] budget 0.000000 ns (14,14) -> (14,14)
Info:                Sink soc.memory.cs_0_SB_CARRY_I1_CO_SB_CARRY_CO_16$CARRY.CIN
Info:                Defined in:
Info:                  top.v:166.7-201.6
Info:                  picosoc.v:159.25-159.48
Info:                  /opt/sft/bin/../share/yosys/ice40/arith_map.v:37.23-37.25
Info:  0.3 13.1  Source soc.memory.cs_0_SB_CARRY_I1_CO_SB_CARRY_CO_16$CARRY.COUT
Info:  0.0 13.1    Net soc.memory.cs_0_SB_CARRY_I1_CO[21] budget 0.000000 ns (14,14) -> (14,14)
Info:                Sink soc.memory.cs_0_SB_CARRY_I1_CO_SB_CARRY_CO_15$CARRY.CIN
Info:                Defined in:
Info:                  top.v:166.7-201.6
Info:                  picosoc.v:159.25-159.48
Info:                  /opt/sft/bin/../share/yosys/ice40/arith_map.v:37.23-37.25
Info:  0.3 13.4  Source soc.memory.cs_0_SB_CARRY_I1_CO_SB_CARRY_CO_15$CARRY.COUT
Info:  0.0 13.4    Net soc.memory.cs_0_SB_CARRY_I1_CO[22] budget 0.000000 ns (14,14) -> (14,14)
Info:                Sink soc.memory.cs_0_SB_CARRY_I1_CO_SB_CARRY_CO_14$CARRY.CIN
Info:                Defined in:
Info:                  top.v:166.7-201.6
Info:                  picosoc.v:159.25-159.48
Info:                  /opt/sft/bin/../share/yosys/ice40/arith_map.v:37.23-37.25
Info:  0.3 13.7  Source soc.memory.cs_0_SB_CARRY_I1_CO_SB_CARRY_CO_14$CARRY.COUT
Info:  0.0 13.7    Net soc.memory.cs_0_SB_CARRY_I1_CO[23] budget 0.000000 ns (14,14) -> (14,14)
Info:                Sink soc.memory.cs_0_SB_CARRY_I1_CO_SB_CARRY_CO_13$CARRY.CIN
Info:                Defined in:
Info:                  top.v:166.7-201.6
Info:                  picosoc.v:159.25-159.48
Info:                  /opt/sft/bin/../share/yosys/ice40/arith_map.v:37.23-37.25
Info:  0.3 14.0  Source soc.memory.cs_0_SB_CARRY_I1_CO_SB_CARRY_CO_13$CARRY.COUT
Info:  0.6 14.5    Net soc.memory.cs_0_SB_CARRY_I1_CO[24] budget 0.560000 ns (14,14) -> (14,15)
Info:                Sink soc.memory.cs_0_SB_CARRY_I1_CO_SB_CARRY_CO_12$CARRY.CIN
Info:                Defined in:
Info:                  top.v:166.7-201.6
Info:                  picosoc.v:159.25-159.48
Info:                  /opt/sft/bin/../share/yosys/ice40/arith_map.v:37.23-37.25
Info:  0.3 14.8  Source soc.memory.cs_0_SB_CARRY_I1_CO_SB_CARRY_CO_12$CARRY.COUT
Info:  0.0 14.8    Net soc.memory.cs_0_SB_CARRY_I1_CO[25] budget 0.000000 ns (14,15) -> (14,15)
Info:                Sink soc.memory.cs_0_SB_CARRY_I1_CO_SB_CARRY_CO_11$CARRY.CIN
Info:                Defined in:
Info:                  top.v:166.7-201.6
Info:                  picosoc.v:159.25-159.48
Info:                  /opt/sft/bin/../share/yosys/ice40/arith_map.v:37.23-37.25
Info:  0.3 15.1  Source soc.memory.cs_0_SB_CARRY_I1_CO_SB_CARRY_CO_11$CARRY.COUT
Info:  0.0 15.1    Net soc.memory.cs_0_SB_CARRY_I1_CO[26] budget 0.000000 ns (14,15) -> (14,15)
Info:                Sink soc.memory.cs_0_SB_CARRY_I1_CO_SB_CARRY_CO_10$CARRY.CIN
Info:                Defined in:
Info:                  top.v:166.7-201.6
Info:                  picosoc.v:159.25-159.48
Info:                  /opt/sft/bin/../share/yosys/ice40/arith_map.v:37.23-37.25
Info:  0.3 15.4  Source soc.memory.cs_0_SB_CARRY_I1_CO_SB_CARRY_CO_10$CARRY.COUT
Info:  0.0 15.4    Net soc.memory.cs_0_SB_CARRY_I1_CO[27] budget 0.000000 ns (14,15) -> (14,15)
Info:                Sink soc.memory.cs_0_SB_CARRY_I1_CO_SB_CARRY_CO_9$CARRY.CIN
Info:                Defined in:
Info:                  top.v:166.7-201.6
Info:                  picosoc.v:159.25-159.48
Info:                  /opt/sft/bin/../share/yosys/ice40/arith_map.v:37.23-37.25
Info:  0.3 15.6  Source soc.memory.cs_0_SB_CARRY_I1_CO_SB_CARRY_CO_9$CARRY.COUT
Info:  0.0 15.6    Net soc.memory.cs_0_SB_CARRY_I1_CO[28] budget 0.000000 ns (14,15) -> (14,15)
Info:                Sink soc.memory.cs_0_SB_CARRY_I1_CO_SB_CARRY_CO_8$CARRY.CIN
Info:                Defined in:
Info:                  top.v:166.7-201.6
Info:                  picosoc.v:159.25-159.48
Info:                  /opt/sft/bin/../share/yosys/ice40/arith_map.v:37.23-37.25
Info:  0.3 15.9  Source soc.memory.cs_0_SB_CARRY_I1_CO_SB_CARRY_CO_8$CARRY.COUT
Info:  0.0 15.9    Net soc.memory.cs_0_SB_CARRY_I1_CO[29] budget 0.000000 ns (14,15) -> (14,15)
Info:                Sink soc.spimemio.valid_SB_LUT4_O_I0_SB_CARRY_CO$CARRY.CIN
Info:                Defined in:
Info:                  top.v:166.7-201.6
Info:                  picosoc.v:159.25-159.48
Info:                  /opt/sft/bin/../share/yosys/ice40/arith_map.v:37.23-37.25
Info:  0.3 16.2  Source soc.spimemio.valid_SB_LUT4_O_I0_SB_CARRY_CO$CARRY.COUT
Info:  0.7 16.9    Net $nextpnr_ICESTORM_LC_51$I3 budget 0.660000 ns (14,15) -> (14,15)
Info:                Sink $nextpnr_ICESTORM_LC_51.I3
Info:  0.9 17.7  Source $nextpnr_ICESTORM_LC_51.O
Info:  3.5 21.2    Net flash_io3_oe_SB_LUT4_I2_I1[0] budget 0.000000 ns (14,15) -> (20,18)
Info:                Sink soc.spimemio.valid_SB_LUT4_O_LC.I0
Info:                Defined in:
Info:                  top.v:166.7-201.6
Info:                  picosoc.v:159.25-159.48
Info:                  /opt/sft/bin/../share/yosys/ice40/arith_map.v:37.23-37.25
Info:  1.3 22.5  Source soc.spimemio.valid_SB_LUT4_O_LC.O
Info:  3.0 25.5    Net flash_clk_SB_LUT4_I1_O_SB_LUT4_O_2_I3[1] budget 0.000000 ns (20,18) -> (17,19)
Info:                Sink soc.cpu.prefetched_high_word_SB_LUT4_I3_O_SB_LUT4_I2_1_O_SB_LUT4_O_LC.I2
Info:                Defined in:
Info:                  /opt/sft/bin/../share/yosys/ice40/cells_map.v:6.21-6.22
Info:  1.2 26.7  Source soc.cpu.prefetched_high_word_SB_LUT4_I3_O_SB_LUT4_I2_1_O_SB_LUT4_O_LC.O
Info:  3.1 29.7    Net flash_csb_SB_LUT4_I1_O[2] budget 0.000000 ns (17,19) -> (17,24)
Info:                Sink soc.cpu.mem_xfer_SB_LUT4_O_LC.I0
Info:                Defined in:
Info:                  /opt/sft/bin/../share/yosys/ice40/cells_map.v:6.21-6.22
Info:  1.3 31.0  Source soc.cpu.mem_xfer_SB_LUT4_O_LC.O
Info:  3.0 34.0    Net flash_csb_SB_LUT4_I1_O_SB_LUT4_I0_O[3] budget 3.408000 ns (17,24) -> (20,25)
Info:                Sink soc.cpu.mem_rdata_latched_SB_LUT4_O_7_I0_SB_LUT4_O_LC.I2
Info:                Defined in:
Info:                  top.v:166.7-201.6
Info:                  picorv32.v:360.7-360.15
Info:                  picosoc.v:143.4-154.3
Info:  1.2 35.2  Source soc.cpu.mem_rdata_latched_SB_LUT4_O_7_I0_SB_LUT4_O_LC.O
Info:  1.8 36.9    Net soc.cpu.mem_rdata_latched_SB_LUT4_O_7_I0[0] budget 3.408000 ns (20,25) -> (20,26)
Info:                Sink soc.cpu.mem_rdata_latched_SB_LUT4_O_7_LC.I0
Info:                Defined in:
Info:                  /opt/sft/bin/../share/yosys/ice40/cells_map.v:6.21-6.22
Info:  1.3 38.2  Source soc.cpu.mem_rdata_latched_SB_LUT4_O_7_LC.O
Info:  3.5 41.7    Net soc.cpu.decoded_rd_SB_DFFE_Q_4_D_SB_LUT4_O_I1_SB_LUT4_O_2_I1[2] budget 3.408000 ns (20,26) -> (15,25)
Info:                Sink soc.cpu.compressed_instr_SB_DFFE_Q_D_SB_LUT4_O_LC.I2
Info:                Defined in:
Info:                  /opt/sft/bin/../share/yosys/ice40/cells_map.v:6.21-6.22
Info:  1.2 42.9  Source soc.cpu.compressed_instr_SB_DFFE_Q_D_SB_LUT4_O_LC.O
Info:  1.8 44.7    Net soc.cpu.compressed_instr_SB_DFFE_Q_D[0] budget 3.407000 ns (15,25) -> (16,26)
Info:                Sink soc.cpu.mem_state_SB_DFFESR_Q_D_SB_LUT4_O_I1_SB_LUT4_I1_O_SB_LUT4_I3_O_SB_LUT4_O_LC.I1
Info:                Defined in:
Info:                  /opt/sft/bin/../share/yosys/ice40/cells_map.v:6.21-6.22
Info:  1.2 45.9  Source soc.cpu.mem_state_SB_DFFESR_Q_D_SB_LUT4_O_I1_SB_LUT4_I1_O_SB_LUT4_I3_O_SB_LUT4_O_LC.O
Info:  3.9 49.8    Net soc.cpu.mem_state_SB_DFFESR_Q_D_SB_LUT4_O_I1_SB_LUT4_I1_O_SB_LUT4_I3_O[2] budget 3.467000 ns (16,26) -> (4,26)
Info:                Sink soc.cpu.mem_do_prefetch_SB_LUT4_I3_LC.I2
Info:                Defined in:
Info:                  /opt/sft/bin/../share/yosys/ice40/cells_map.v:6.21-6.22
Info:  1.2 51.0  Source soc.cpu.mem_do_prefetch_SB_LUT4_I3_LC.O
Info:  1.8 52.8    Net soc.cpu.cpu_state_SB_DFF_Q_1_D_SB_LUT4_O_I2_SB_LUT4_O_1_I2[1] budget 3.467000 ns (4,26) -> (3,25)
Info:                Sink soc.cpu.instr_sll_SB_LUT4_I1_O_SB_LUT4_I0_O_SB_LUT4_I3_LC.I0
Info:                Defined in:
Info:                  /opt/sft/bin/../share/yosys/ice40/cells_map.v:6.21-6.22
Info:  1.3 54.1  Source soc.cpu.instr_sll_SB_LUT4_I1_O_SB_LUT4_I0_O_SB_LUT4_I3_LC.O
Info:  3.0 57.1    Net soc.cpu.instr_sll_SB_LUT4_I1_O_SB_LUT4_I0_O_SB_LUT4_I3_O[3] budget 3.467000 ns (3,25) -> (3,20)
Info:                Sink soc.cpu.instr_sll_SB_LUT4_I1_O_SB_LUT4_I0_O_SB_LUT4_I3_O_SB_LUT4_I3_LC.I3
Info:                Defined in:
Info:                  /opt/sft/bin/../share/yosys/ice40/cells_map.v:6.21-6.22
Info:  0.9 57.9  Source soc.cpu.instr_sll_SB_LUT4_I1_O_SB_LUT4_I0_O_SB_LUT4_I3_O_SB_LUT4_I3_LC.O
Info:  6.1 64.1    Net soc.cpu.instr_sll_SB_LUT4_I1_O_SB_LUT4_I0_O_SB_LUT4_I3_O_SB_LUT4_I3_O[3] budget 3.777000 ns (3,20) -> (4,3)
Info:                Sink soc.cpu.instr_sra_SB_LUT4_I0_O_SB_LUT4_I2_O_SB_LUT4_I1_O_SB_LUT4_O_23_LC.CEN
Info:                Defined in:
Info:                  /opt/sft/bin/../share/yosys/ice40/cells_map.v:6.21-6.22
Info:  0.1 64.2  Setup soc.cpu.instr_sra_SB_LUT4_I0_O_SB_LUT4_I2_O_SB_LUT4_I1_O_SB_LUT4_O_23_LC.CEN
Info: 24.0 ns logic, 40.1 ns routing

Info: Critical path report for cross-domain path '<async>' -> 'posedge clk$SB_IO_IN_$glb_clk':
Info: curr total
Info:  0.0  0.0  Source flash_io_buf[0].D_IN_0
Info:  4.8  4.8    Net flash_io0_di budget 5.856000 ns (23,0) -> (17,11)
Info:                Sink soc.spimemio.xfer.flash_io0_di_SB_LUT4_I1_1_LC.I1
Info:                Defined in:
Info:                  top.v:166.7-201.6
Info:                  picosoc.v:116.14-116.32
Info:  1.2  6.0  Source soc.spimemio.xfer.flash_io0_di_SB_LUT4_I1_1_LC.O
Info:  3.6  9.6    Net soc.spimemio.xfer.flash_io0_di_SB_LUT4_I1_1_O[0] budget 3.408000 ns (17,11) -> (20,19)
Info:                Sink soc.cpu.mem_rdata_latched_SB_LUT4_O_7_I0_SB_LUT4_O_1_I1_SB_LUT4_O_LC.I0
Info:                Defined in:
Info:                  /opt/sft/bin/../share/yosys/ice40/cells_map.v:6.21-6.22
Info:  1.3 10.9  Source soc.cpu.mem_rdata_latched_SB_LUT4_O_7_I0_SB_LUT4_O_1_I1_SB_LUT4_O_LC.O
Info:  3.0 13.9    Net soc.cpu.latched_is_lh_SB_LUT4_I1_I2_SB_LUT4_I0_O_SB_LUT4_I1_O_SB_LUT4_O_29_I1_SB_LUT4_O_1_I3[1] budget 3.408000 ns (20,19) -> (20,25)
Info:                Sink soc.cpu.mem_rdata_latched_SB_LUT4_O_7_I0_SB_LUT4_O_1_LC.I1
Info:                Defined in:
Info:                  /opt/sft/bin/../share/yosys/ice40/cells_map.v:6.21-6.22
Info:  1.2 15.1  Source soc.cpu.mem_rdata_latched_SB_LUT4_O_7_I0_SB_LUT4_O_1_LC.O
Info:  1.8 16.9    Net soc.cpu.mem_rdata_latched_SB_LUT4_O_7_I0[1] budget 3.408000 ns (20,25) -> (20,26)
Info:                Sink soc.cpu.mem_rdata_latched_SB_LUT4_O_7_LC.I1
Info:                Defined in:
Info:                  /opt/sft/bin/../share/yosys/ice40/cells_map.v:6.21-6.22
Info:  1.2 18.1  Source soc.cpu.mem_rdata_latched_SB_LUT4_O_7_LC.O
Info:  3.5 21.6    Net soc.cpu.decoded_rd_SB_DFFE_Q_4_D_SB_LUT4_O_I1_SB_LUT4_O_2_I1[2] budget 3.408000 ns (20,26) -> (15,25)
Info:                Sink soc.cpu.compressed_instr_SB_DFFE_Q_D_SB_LUT4_O_LC.I2
Info:                Defined in:
Info:                  /opt/sft/bin/../share/yosys/ice40/cells_map.v:6.21-6.22
Info:  1.2 22.8  Source soc.cpu.compressed_instr_SB_DFFE_Q_D_SB_LUT4_O_LC.O
Info:  1.8 24.6    Net soc.cpu.compressed_instr_SB_DFFE_Q_D[0] budget 3.407000 ns (15,25) -> (16,26)
Info:                Sink soc.cpu.mem_state_SB_DFFESR_Q_D_SB_LUT4_O_I1_SB_LUT4_I1_O_SB_LUT4_I3_O_SB_LUT4_O_LC.I1
Info:                Defined in:
Info:                  /opt/sft/bin/../share/yosys/ice40/cells_map.v:6.21-6.22
Info:  1.2 25.8  Source soc.cpu.mem_state_SB_DFFESR_Q_D_SB_LUT4_O_I1_SB_LUT4_I1_O_SB_LUT4_I3_O_SB_LUT4_O_LC.O
Info:  3.9 29.7    Net soc.cpu.mem_state_SB_DFFESR_Q_D_SB_LUT4_O_I1_SB_LUT4_I1_O_SB_LUT4_I3_O[2] budget 3.467000 ns (16,26) -> (4,26)
Info:                Sink soc.cpu.mem_do_prefetch_SB_LUT4_I3_LC.I2
Info:                Defined in:
Info:                  /opt/sft/bin/../share/yosys/ice40/cells_map.v:6.21-6.22
Info:  1.2 31.0  Source soc.cpu.mem_do_prefetch_SB_LUT4_I3_LC.O
Info:  1.8 32.7    Net soc.cpu.cpu_state_SB_DFF_Q_1_D_SB_LUT4_O_I2_SB_LUT4_O_1_I2[1] budget 3.467000 ns (4,26) -> (3,25)
Info:                Sink soc.cpu.instr_sll_SB_LUT4_I1_O_SB_LUT4_I0_O_SB_LUT4_I3_LC.I0
Info:                Defined in:
Info:                  /opt/sft/bin/../share/yosys/ice40/cells_map.v:6.21-6.22
Info:  1.3 34.0  Source soc.cpu.instr_sll_SB_LUT4_I1_O_SB_LUT4_I0_O_SB_LUT4_I3_LC.O
Info:  3.0 37.0    Net soc.cpu.instr_sll_SB_LUT4_I1_O_SB_LUT4_I0_O_SB_LUT4_I3_O[3] budget 3.467000 ns (3,25) -> (3,20)
Info:                Sink soc.cpu.instr_sll_SB_LUT4_I1_O_SB_LUT4_I0_O_SB_LUT4_I3_O_SB_LUT4_I3_LC.I3
Info:                Defined in:
Info:                  /opt/sft/bin/../share/yosys/ice40/cells_map.v:6.21-6.22
Info:  0.9 37.9  Source soc.cpu.instr_sll_SB_LUT4_I1_O_SB_LUT4_I0_O_SB_LUT4_I3_O_SB_LUT4_I3_LC.O
Info:  6.1 44.0    Net soc.cpu.instr_sll_SB_LUT4_I1_O_SB_LUT4_I0_O_SB_LUT4_I3_O_SB_LUT4_I3_O[3] budget 3.777000 ns (3,20) -> (4,3)
Info:                Sink soc.cpu.instr_sra_SB_LUT4_I0_O_SB_LUT4_I2_O_SB_LUT4_I1_O_SB_LUT4_O_23_LC.CEN
Info:                Defined in:
Info:                  /opt/sft/bin/../share/yosys/ice40/cells_map.v:6.21-6.22
Info:  0.1 44.1  Setup soc.cpu.instr_sra_SB_LUT4_I0_O_SB_LUT4_I2_O_SB_LUT4_I1_O_SB_LUT4_O_23_LC.CEN
Info: 10.9 ns logic, 33.2 ns routing

Info: Critical path report for cross-domain path 'posedge clk$SB_IO_IN_$glb_clk' -> '<async>':
Info: curr total
Info:  1.4  1.4  Source soc.spimemio.xfer.xfer_qspi_SB_DFFESR_Q_DFFLC.O
Info:  1.8  3.2    Net soc.spimemio.xfer_io1_do_SB_LUT4_O_I2[0] budget 3.408000 ns (18,4) -> (18,3)
Info:                Sink soc.spimemio.xfer.xfer_dspi_SB_LUT4_I3_LC.I2
Info:                Defined in:
Info:                  /opt/sft/bin/../share/yosys/ice40/cells_map.v:6.21-6.22
Info:  1.2  4.4  Source soc.spimemio.xfer.xfer_dspi_SB_LUT4_I3_LC.O
Info:  1.8  6.1    Net soc.spimemio.xfer.xfer_dspi_SB_LUT4_I3_O[0] budget 4.090000 ns (18,3) -> (18,3)
Info:                Sink soc.spimemio.xfer.xfer_ddr_SB_LUT4_I2_LC.I3
Info:                Defined in:
Info:                  /opt/sft/bin/../share/yosys/ice40/cells_map.v:6.21-6.22
Info:  0.9  7.0  Source soc.spimemio.xfer.xfer_ddr_SB_LUT4_I2_LC.O
Info:  1.8  8.8    Net soc.spimemio.xfer_io0_do_SB_LUT4_O_I2[0] budget 8.118000 ns (18,3) -> (18,2)
Info:                Sink soc.spimemio.xfer_io0_do_SB_LUT4_O_LC.I0
Info:                Defined in:
Info:                  /opt/sft/bin/../share/yosys/ice40/cells_map.v:6.21-6.22
Info:  1.3 10.0  Source soc.spimemio.xfer_io0_do_SB_LUT4_O_LC.O
Info:  1.8 11.8    Net soc.spimemio.xfer_io0_do budget 11.627000 ns (18,2) -> (18,2)
Info:                Sink soc.spimemio.xfer_io0_90_SB_LUT4_I1_LC.I2
Info:                Defined in:
Info:                  top.v:166.7-201.6
Info:                  spimemio.v:141.7-141.18
Info:                  picosoc.v:156.11-185.3
Info:  1.2 13.0  Source soc.spimemio.xfer_io0_90_SB_LUT4_I1_LC.O
Info:  1.8 14.8    Net flash_io0_do_SB_LUT4_O_I2[1] budget 11.545000 ns (18,2) -> (18,1)
Info:                Sink flash_io0_do_SB_LUT4_O_LC.I2
Info:                Defined in:
Info:                  /opt/sft/bin/../share/yosys/ice40/cells_map.v:6.21-6.22
Info:  1.2 16.0  Source flash_io0_do_SB_LUT4_O_LC.O
Info:  3.6 19.6    Net flash_io0_do budget 11.545000 ns (18,1) -> (23,0)
Info:                Sink flash_io_buf[0].D_OUT_0
Info:                Defined in:
Info:                  top.v:166.7-201.6
Info:                  spimemio.v:36.9-36.21
Info:                  picosoc.v:156.11-185.3
Info: 7.2 ns logic, 12.4 ns routing

Info: Critical path report for cross-domain path 'negedge clk$SB_IO_IN_$glb_clk' -> '<async>':
Info: curr total
Info:  1.4  1.4  Source soc.spimemio.xfer_io1_90_SB_DFFN_Q_DFFLC.O
Info:  1.8  3.2    Net soc.spimemio.xfer_io1_90 budget 11.545000 ns (20,1) -> (20,1)
Info:                Sink soc.spimemio.xfer_io1_90_SB_LUT4_I1_LC.I1
Info:                Defined in:
Info:                  top.v:166.7-201.6
Info:                  spimemio.v:147.6-147.17
Info:                  picosoc.v:156.11-185.3
Info:  1.2  4.4  Source soc.spimemio.xfer_io1_90_SB_LUT4_I1_LC.O
Info:  2.3  6.7    Net flash_io1_do_SB_LUT4_O_I2[1] budget 11.545000 ns (20,1) -> (18,1)
Info:                Sink flash_io1_do_SB_LUT4_O_LC.I2
Info:                Defined in:
Info:                  /opt/sft/bin/../share/yosys/ice40/cells_map.v:6.21-6.22
Info:  1.2  7.9  Source flash_io1_do_SB_LUT4_O_LC.O
Info:  3.6 11.5    Net flash_io1_do budget 11.545000 ns (18,1) -> (23,0)
Info:                Sink flash_io_buf[1].D_OUT_0
Info:                Defined in:
Info:                  top.v:166.7-201.6
Info:                  spimemio.v:37.9-37.21
Info:                  picosoc.v:156.11-185.3
Info: 3.8 ns logic, 7.7 ns routing

Info: Critical path report for cross-domain path 'posedge display.refresh_tick' -> '<async>':
Info: curr total
Info:  1.4  1.4  Source display.refresh_tick_SB_DFFSR_C_1_D_SB_LUT4_O_LC.O
Info:  7.5  8.9    Net display.refresh_tick_SB_DFFSR_C_Q[2] budget 18.042999 ns (10,30) -> (12,1)
Info:                Sink display.refresh_tick_SB_DFFSR_C_Q_SB_LUT4_I2_5_LC.I2
Info:                Defined in:
Info:                  /opt/sft/bin/../share/yosys/ice40/cells_map.v:6.21-6.22
Info:  1.2 10.1  Source display.refresh_tick_SB_DFFSR_C_Q_SB_LUT4_I2_5_LC.O
Info:  1.8 11.8    Net display.refresh_tick_SB_DFFSR_C_Q_SB_LUT4_I2_5_O[3] budget 18.023001 ns (12,1) -> (12,1)
Info:                Sink display.refresh_tick_SB_DFFSR_C_Q_SB_LUT4_I2_4_LC.I3
Info:                Defined in:
Info:                  /opt/sft/bin/../share/yosys/ice40/cells_map.v:6.21-6.22
Info:  0.9 12.7  Source display.refresh_tick_SB_DFFSR_C_Q_SB_LUT4_I2_4_LC.O
Info:  6.3 19.0    Net display.refresh_tick_SB_DFFSR_C_Q_SB_LUT4_I2_O[2] budget 18.023001 ns (12,1) -> (11,30)
Info:                Sink SEG_SB_LUT4_O_5_LC.I3
Info:                Defined in:
Info:                  /opt/sft/bin/../share/yosys/ice40/cells_map.v:6.21-6.22
Info:  0.9 19.9  Source SEG_SB_LUT4_O_5_LC.O
Info:  3.6 23.5    Net SEG[1]$SB_IO_OUT budget 18.021999 ns (11,30) -> (13,31)
Info:                Sink SEG[1]$sb_io.D_OUT_0
Info:                Defined in:
Info:                  top.v:103.13-117.10
Info:                  display.v:19.18-19.21
Info: 4.3 ns logic, 19.1 ns routing

Info: Max frequency for clock  'display.refresh_tick': 144.07 MHz (PASS at 13.00 MHz)
Info: Max frequency for clock 'clk$SB_IO_IN_$glb_clk': 15.58 MHz (PASS at 13.00 MHz)

Info: Max delay <async>                       -> posedge clk$SB_IO_IN_$glb_clk: 44.09 ns
Info: Max delay posedge clk$SB_IO_IN_$glb_clk -> <async>                      : 19.57 ns
Info: Max delay negedge clk$SB_IO_IN_$glb_clk -> <async>                      : 11.49 ns
Info: Max delay posedge display.refresh_tick  -> <async>                      : 23.49 ns

Info: Slack histogram:
Info:  legend: * represents 16 endpoint(s)
Info:          + represents [1,16) endpoint(s)
Info: [ 12750,  15760) |**+
Info: [ 15760,  18770) |****+
Info: [ 18770,  21780) |****+
Info: [ 21780,  24790) |**+
Info: [ 24790,  27800) |****+
Info: [ 27800,  30810) |***+
Info: [ 30810,  33820) |***+
Info: [ 33820,  36830) |*****+
Info: [ 36830,  39840) |*********+
Info: [ 39840,  42850) |*******+
Info: [ 42850,  45860) |*************+
Info: [ 45860,  48870) |********+
Info: [ 48870,  51880) |***********+
Info: [ 51880,  54890) |***********+
Info: [ 54890,  57900) |***************+
Info: [ 57900,  60910) |******************************************************+
Info: [ 60910,  63920) |******************+
Info: [ 63920,  66930) |***************+
Info: [ 66930,  69940) |***********************+
Info: [ 69940,  72950) |************************************************************ 

Info: Program finished normally.
